[0606/223143:ERROR:process_info.cc(608)] range at 0xfea0d000, size 0x230 fully unreadable
[0606/223143:ERROR:process_info.cc(608)] range at 0xfeb0f000, size 0x230 fully unreadable
[0606/223143:ERROR:process_info.cc(608)] range at 0xfea0c000, size 0xf84 fully unreadable
[0606/223143:ERROR:process_info.cc(608)] range at 0xfea09000, size 0xf84 fully unreadable
[0606/223143:ERROR:process_info.cc(608)] range at 0xfe8df000, size 0xf84 fully unreadable
[0606/223143:ERROR:process_info.cc(608)] range at 0xfe8dc000, size 0xf84 fully unreadable
[0606/223143:ERROR:process_info.cc(608)] range at 0xfe8d9000, size 0xf84 fully unreadable
[0606/223143:ERROR:process_info.cc(608)] range at 0xfe8d6000, size 0xf84 fully unreadable
[0606/223143:ERROR:process_info.cc(608)] range at 0xfe924000, size 0x230 fully unreadable
[0606/223143:ERROR:process_info.cc(608)] range at 0xfe8d3000, size 0xf84 fully unreadable
[0606/223143:ERROR:process_info.cc(608)] range at 0xfe8d0000, size 0xf84 fully unreadable
[0606/223143:ERROR:process_info.cc(608)] range at 0xfe8cd000, size 0xf84 fully unreadable
[0606/223143:ERROR:process_info.cc(608)] range at 0xfe8ca000, size 0xf84 fully unreadable
[0606/223143:ERROR:process_info.cc(608)] range at 0xfe8c7000, size 0xf84 fully unreadable
[0606/223143:ERROR:process_info.cc(608)] range at 0xfeb0e000, size 0xf84 fully unreadable
[0606/223143:ERROR:process_info.cc(608)] range at 0xfeb0b000, size 0xf84 fully unreadable
[0606/223143:ERROR:process_info.cc(608)] range at 0xfeb06000, size 0xf84 fully unreadable
[0606/223143:ERROR:process_info.cc(608)] range at 0xfe9df000, size 0xf84 fully unreadable
[0606/223143:ERROR:process_info.cc(608)] range at 0xfe9dc000, size 0xf84 fully unreadable
[0606/223143:ERROR:process_info.cc(608)] range at 0xfe9d9000, size 0xf84 fully unreadable
[0606/223143:ERROR:process_info.cc(608)] range at 0xfe9d6000, size 0xf84 fully unreadable
[0606/223143:ERROR:process_info.cc(608)] range at 0xfe9d3000, size 0xf84 fully unreadable
[0606/223143:ERROR:process_info.cc(608)] range at 0xfe9d0000, size 0xf84 fully unreadable
[0606/223143:ERROR:process_info.cc(608)] range at 0xfe9cd000, size 0xf84 fully unreadable
[0606/223143:ERROR:process_info.cc(608)] range at 0xfe9ca000, size 0xf84 fully unreadable
[0606/223143:ERROR:process_reader_win.cc(141)] SuspendThread: Access is denied. (0x5)
[0606/223143:ERROR:process_reader_win.cc(141)] SuspendThread: Access is denied. (0x5)
[0606/223143:ERROR:process_reader_win.cc(141)] SuspendThread: Access is denied. (0x5)
[0606/223143:ERROR:process_reader_win.cc(141)] SuspendThread: Access is denied. (0x5)
[0606/223143:ERROR:process_reader_win.cc(141)] SuspendThread: Access is denied. (0x5)
[0606/223143:ERROR:process_reader_win.cc(141)] SuspendThread: Access is denied. (0x5)
[0606/223143:ERROR:process_reader_win.cc(141)] SuspendThread: Access is denied. (0x5)
[0606/223143:ERROR:process_reader_win.cc(141)] SuspendThread: Access is denied. (0x5)
[0606/223143:ERROR:process_reader_win.cc(141)] SuspendThread: Access is denied. (0x5)
[0606/223143:ERROR:process_reader_win.cc(141)] SuspendThread: Access is denied. (0x5)
[0606/223143:ERROR:process_reader_win.cc(141)] SuspendThread: Access is denied. (0x5)
[0606/223143:ERROR:exception_snapshot_win.cc(57)] thread ID 9588 not found in process
[0606/223143:WARNING:crash_report_exception_handler.cc(60)] ProcessSnapshotWin::InitializeException failed
[0606/223143:ERROR:scoped_process_suspend.cc(38)] NtResumeProcess, ntstatus=-1073741558
[0606/223143:ERROR:scoped_process_suspend.cc(38)] NtResumeProcess, ntstatus=-1073741558
